#
# There is insufficient memory for the Java Runtime Environment to continue.
# Native memory allocation (mmap) failed to map 266338304 bytes. Error detail: G1 virtual space
# Possible reasons:
#   The system is out of physical RAM or swap space
#   This process is running with CompressedOops enabled, and the Java Heap may be blocking the growth of the native heap
# Possible solutions:
#   Reduce memory load on the system
#   Increase physical memory or swap space
#   Check if swap backing store is full
#   Decrease Java heap size (-Xmx/-Xms)
#   Decrease number of Java threads
#   Decrease Java thread stack sizes (-Xss)
#   Set larger code cache with -XX:ReservedCodeCacheSize=
#   JVM is running with Zero Based Compressed Oops mode in which the Java heap is
#     placed in the first 32GB address space. The Java Heap base address is the
#     maximum limit for the native heap growth. Please use -XX:HeapBaseMinAddress
#     to set the Java Heap base and to place the Java Heap above 32GB virtual address.
# This output file may be truncated or incomplete.
#
#  Out of Memory Error (os_windows.cpp:3679), pid=21784, tid=9592
#
# JRE version:  (17.0.13+11) (build )
# Java VM: OpenJDK 64-Bit Server VM (17.0.13+11-LTS, mixed mode, sharing, tiered, compressed oops, compressed class ptrs, g1 gc, windows-amd64)
# No core dump will be written. Minidumps are not enabled by default on client versions of Windows
#

---------------  S U M M A R Y ------------

Command Line: com.google.prefab.cli.AppKt --build-system cmake --platform android --abi arm64-v8a --os-version 24 --stl c++_shared --ndk-version 27 --output C:\\Users\\anbu2\\AppData\\Local\\Temp\\agp-prefab-staging1775676448020849976\\staged-cli-output C:\\Users\\anbu2\\.gradle\\caches\\8.13\\transforms\\8cb416b8178cb0e7f140959230f7f0bf\\transformed\\react-android-0.79.2-debug\\prefab C:\\Users\\anbu2\\.gradle\\caches\\8.13\\transforms\\b91a94c10768de6e7e46fcdf99215bf3\\transformed\\hermes-android-0.79.2-debug\\prefab C:\\Users\\anbu2\\.gradle\\caches\\8.13\\transforms\\72cde7dc85b5006383f56c98fcfedfa5\\transformed\\fbjni-0.7.0\\prefab

Host: 11th Gen Intel(R) Core(TM) i5-1135G7 @ 2.40GHz, 8 cores, 15G,  Windows 11 , 64 bit Build 26100 (10.0.26100.3912)
Time: Tue May 13 16:50:12 2025 India Standard Time elapsed time: 1.117204 seconds (0d 0h 0m 1s)

---------------  T H R E A D  ---------------

Current thread (0x0000019b2a02eba0):  JavaThread "Unknown thread" [_thread_in_vm, id=9592, stack(0x0000007021200000,0x0000007021300000)]

Stack: [0x0000007021200000,0x0000007021300000]
Native frames: (J=compiled Java code, j=interpreted, Vv=VM code, C=native code)
V  [jvm.dll+0x687fc9]
V  [jvm.dll+0x83eeb8]
V  [jvm.dll+0x840963]
V  [jvm.dll+0x840fd3]
V  [jvm.dll+0x24951f]
V  [jvm.dll+0x684f89]
V  [jvm.dll+0x6794aa]
V  [jvm.dll+0x30ad27]
V  [jvm.dll+0x312296]
V  [jvm.dll+0x362bde]
V  [jvm.dll+0x362e1d]
V  [jvm.dll+0x2e1fbc]
V  [jvm.dll+0x2e2ed4]
V  [jvm.dll+0x810dbb]
V  [jvm.dll+0x3708f1]
V  [jvm.dll+0x7ef8af]
V  [jvm.dll+0x3f70ef]
V  [jvm.dll+0x3f8c21]
C  [jli.dll+0x52a0]
C  [ucrtbase.dll+0x37b0]
C  [KERNEL32.DLL+0x2e8d7]
C  [ntdll.dll+0x9c5dc]


---------------  P R O C E S S  ---------------

Threads class SMR info:
_java_thread_list=0x00007ffd655cdf98, length=0, elements={
}

Java Threads: ( => current thread )

Other Threads:
  0x0000019b2a09db50 GCTaskThread "GC Thread#0" [stack: 0x0000007021300000,0x0000007021400000] [id=12300]
  0x0000019b2a0ae640 ConcurrentGCThread "G1 Main Marker" [stack: 0x0000007021400000,0x0000007021500000] [id=19460]
  0x0000019b2a0aef70 ConcurrentGCThread "G1 Conc#0" [stack: 0x0000007021500000,0x0000007021600000] [id=12164]

[error occurred during error reporting (printing all threads), id 0xc0000005, EXCEPTION_ACCESS_VIOLATION (0xc0000005) at pc=0x00007ffd64d82b17]

VM state: not at safepoint (not fully initialized)

VM Mutex/Monitor currently owned by a thread:  ([mutex/lock_event])
[0x0000019b2a02bcc0] Heap_lock - owner thread: 0x0000019b2a02eba0

Heap address: 0x0000000703600000, size: 4042 MB, Compressed Oops mode: Zero based, Oop shift amount: 3

CDS archive(s) mapped at: [0x0000000000000000-0x0000000000000000-0x0000000000000000), size 0, SharedBaseAddress: 0x0000000800000000, ArchiveRelocationMode: 1.
Narrow klass base: 0x0000000000000000, Narrow klass shift: 0, Narrow klass range: 0x0

GC Precious Log:
<Empty>

Heap:
 garbage-first heap   total 0K, used 0K [0x0000000703600000, 0x0000000800000000)
  region size 2048K, 0 young (0K), 0 survivors (0K)

[error occurred during error reporting (printing heap information), id 0xc0000005, EXCEPTION_ACCESS_VIOLATION (0xc0000005) at pc=0x00007ffd65171ba9]

GC Heap History (0 events):
No events

Dll operation events (1 events):
Event: 0.013 Loaded shared library C:\Program Files\Microsoft\jdk-17.0.13.11-hotspot\bin\java.dll

Deoptimization events (0 events):
No events

Classes loaded (0 events):
No events

Classes unloaded (0 events):
No events

Classes redefined (0 events):
No events

Internal exceptions (0 events):
No events

VM Operations (0 events):
No events

Memory protections (0 events):
No events

Nmethod flushes (0 events):
No events

Events (0 events):
No events


Dynamic libraries:
0x00007ff623d90000 - 0x00007ff623d9e000 	C:\Program Files\Microsoft\jdk-17.0.13.11-hotspot\bin\java.exe
0x00007ffe09ac0000 - 0x00007ffe09d26000 	C:\WINDOWS\SYSTEM32\ntdll.dll
0x00007ffe08f50000 - 0x00007ffe09019000 	C:\WINDOWS\System32\KERNEL32.DLL
0x00007ffe074b0000 - 0x00007ffe0787c000 	C:\WINDOWS\System32\KERNELBASE.dll
0x00007ffe06d30000 - 0x00007ffe06e7b000 	C:\WINDOWS\System32\ucrtbase.dll
0x00007ffddd2c0000 - 0x00007ffddd2d7000 	C:\Program Files\Microsoft\jdk-17.0.13.11-hotspot\bin\jli.dll
0x00007ffe08470000 - 0x00007ffe0863a000 	C:\WINDOWS\System32\USER32.dll
0x00007ffe06d00000 - 0x00007ffe06d27000 	C:\WINDOWS\System32\win32u.dll
0x00007ffe07c70000 - 0x00007ffe07c9b000 	C:\WINDOWS\System32\GDI32.dll
0x00007ffe07370000 - 0x00007ffe074a2000 	C:\WINDOWS\System32\gdi32full.dll
0x00007ffe06c50000 - 0x00007ffe06cf3000 	C:\WINDOWS\System32\msvcp_win.dll
0x00007ffddd620000 - 0x00007ffddd63d000 	C:\Program Files\Microsoft\jdk-17.0.13.11-hotspot\bin\VCRUNTIME140.dll
0x00007ffdea0e0000 - 0x00007ffdea37a000 	C:\WINDOWS\WinSxS\amd64_microsoft.windows.common-controls_6595b64144ccf1df_6.0.26100.3912_none_3e07963ce335137e\COMCTL32.dll
0x00007ffe09120000 - 0x00007ffe091c9000 	C:\WINDOWS\System32\msvcrt.dll
0x00007ffe093f0000 - 0x00007ffe09420000 	C:\WINDOWS\System32\IMM32.DLL
0x00007ffde4700000 - 0x00007ffde470c000 	C:\Program Files\Microsoft\jdk-17.0.13.11-hotspot\bin\vcruntime140_1.dll
0x00007ffd66a50000 - 0x00007ffd66add000 	C:\Program Files\Microsoft\jdk-17.0.13.11-hotspot\bin\msvcp140.dll
0x00007ffd64a90000 - 0x00007ffd65701000 	C:\Program Files\Microsoft\jdk-17.0.13.11-hotspot\bin\server\jvm.dll
0x00007ffe09440000 - 0x00007ffe094f2000 	C:\WINDOWS\System32\ADVAPI32.dll
0x00007ffe07db0000 - 0x00007ffe07e56000 	C:\WINDOWS\System32\sechost.dll
0x00007ffe09720000 - 0x00007ffe09836000 	C:\WINDOWS\System32\RPCRT4.dll
0x00007ffe09840000 - 0x00007ffe098b4000 	C:\WINDOWS\System32\WS2_32.dll
0x00007ffe06410000 - 0x00007ffe0646e000 	C:\WINDOWS\SYSTEM32\POWRPROF.dll
0x00007ffdef250000 - 0x00007ffdef286000 	C:\WINDOWS\SYSTEM32\WINMM.dll
0x00007ffdfe810000 - 0x00007ffdfe81b000 	C:\WINDOWS\SYSTEM32\VERSION.dll
0x00007ffe063d0000 - 0x00007ffe063e4000 	C:\WINDOWS\SYSTEM32\UMPDC.dll
0x00007ffe05a10000 - 0x00007ffe05a2a000 	C:\WINDOWS\SYSTEM32\kernel.appcore.dll
0x00007ffde3640000 - 0x00007ffde364a000 	C:\Program Files\Microsoft\jdk-17.0.13.11-hotspot\bin\jimage.dll
0x00007ffe03f30000 - 0x00007ffe04171000 	C:\WINDOWS\SYSTEM32\DBGHELP.DLL
0x00007ffe078e0000 - 0x00007ffe07c64000 	C:\WINDOWS\System32\combase.dll
0x00007ffe09990000 - 0x00007ffe09a70000 	C:\WINDOWS\System32\OLEAUT32.dll
0x00007ffdd3aa0000 - 0x00007ffdd3ad9000 	C:\WINDOWS\SYSTEM32\dbgcore.DLL
0x00007ffe070c0000 - 0x00007ffe07159000 	C:\WINDOWS\System32\bcryptPrimitives.dll
0x00007ffddb040000 - 0x00007ffddb065000 	C:\Program Files\Microsoft\jdk-17.0.13.11-hotspot\bin\java.dll

dbghelp: loaded successfully - version: 4.0.5 - missing functions: none
symbol engine: initialized successfully - sym options: 0x614 - pdb path: .;C:\Program Files\Microsoft\jdk-17.0.13.11-hotspot\bin;C:\WINDOWS\SYSTEM32;C:\WINDOWS\WinSxS\amd64_microsoft.windows.common-controls_6595b64144ccf1df_6.0.26100.3912_none_3e07963ce335137e;C:\Program Files\Microsoft\jdk-17.0.13.11-hotspot\bin\server

VM Arguments:
java_command: com.google.prefab.cli.AppKt --build-system cmake --platform android --abi arm64-v8a --os-version 24 --stl c++_shared --ndk-version 27 --output C:\\Users\\anbu2\\AppData\\Local\\Temp\\agp-prefab-staging1775676448020849976\\staged-cli-output C:\\Users\\anbu2\\.gradle\\caches\\8.13\\transforms\\8cb416b8178cb0e7f140959230f7f0bf\\transformed\\react-android-0.79.2-debug\\prefab C:\\Users\\anbu2\\.gradle\\caches\\8.13\\transforms\\b91a94c10768de6e7e46fcdf99215bf3\\transformed\\hermes-android-0.79.2-debug\\prefab C:\\Users\\anbu2\\.gradle\\caches\\8.13\\transforms\\72cde7dc85b5006383f56c98fcfedfa5\\transformed\\fbjni-0.7.0\\prefab
java_class_path (initial): C:\\Users\\anbu2\\.gradle\\caches\\modules-2\\files-2.1\\com.google.prefab\\cli\\2.1.0\\aa32fec809c44fa531f01dcfb739b5b3304d3050\\cli-2.1.0-all.jar
Launcher Type: SUN_STANDARD

[Global flags]
     intx CICompilerCount                          = 4                                         {product} {ergonomic}
     uint ConcGCThreads                            = 2                                         {product} {ergonomic}
     uint G1ConcRefinementThreads                  = 8                                         {product} {ergonomic}
   size_t G1HeapRegionSize                         = 2097152                                   {product} {ergonomic}
    uintx GCDrainStackTargetSize                   = 64                                        {product} {ergonomic}
   size_t InitialHeapSize                          = 266338304                                 {product} {ergonomic}
   size_t MarkStackSize                            = 4194304                                   {product} {ergonomic}
   size_t MaxHeapSize                              = 4238344192                                {product} {ergonomic}
   size_t MinHeapDeltaBytes                        = 2097152                                   {product} {ergonomic}
   size_t MinHeapSize                              = 8388608                                   {product} {ergonomic}
    uintx NonNMethodCodeHeapSize                   = 5839372                                {pd product} {ergonomic}
    uintx NonProfiledCodeHeapSize                  = 122909434                              {pd product} {ergonomic}
    uintx ProfiledCodeHeapSize                     = 122909434                              {pd product} {ergonomic}
    uintx ReservedCodeCacheSize                    = 251658240                              {pd product} {ergonomic}
     bool SegmentedCodeCache                       = true                                      {product} {ergonomic}
   size_t SoftMaxHeapSize                          = 4238344192                             {manageable} {ergonomic}
     bool UseCompressedClassPointers               = true                           {product lp64_product} {ergonomic}
     bool UseCompressedOops                        = true                           {product lp64_product} {ergonomic}
     bool UseG1GC                                  = true                                      {product} {ergonomic}
     bool UseLargePagesIndividualAllocation        = false                                  {pd product} {ergonomic}

Logging:
Log output configuration:
 #0: stdout all=warning uptime,level,tags
 #1: stderr all=off uptime,level,tags

Environment Variables:
JAVA_HOME=C:\Program Files\Microsoft\jdk-17.0.13.11-hotspot
CLASSPATH=C:\Users\anbu2\source\repomadmaths\MadMaths\android\\gradle\wrapper\gradle-wrapper.jar
PATH=C:\Users\anbu2\source\repomadmaths\MadMaths\node_modules\.bin;C:\Users\anbu2\source\repomadmaths\MadMaths\node_modules\.bin;C:\Users\anbu2\source\repomadmaths\node_modules\.bin;C:\Users\anbu2\source\node_modules\.bin;C:\Users\anbu2\node_modules\.bin;C:\Users\node_modules\.bin;C:\node_modules\.bin;C:\Users\anbu2\AppData\Roaming\npm\node_modules\npm\node_modules\@npmcli\run-script\lib\node-gyp-bin;C:\Program Files\Microsoft\jdk-17.0.13.11-hotspot\bin;C:\gradle-8.11.1-bin (1)\gradle-8.11.1\bin;C:\WINDOWS\system32;C:\WINDOWS;C:\WINDOWS\System32\Wbem;C:\WINDOWS\System32\WindowsPowerShell\v1.0\;C:\WINDOWS\System32\OpenSSH\;C:\Program Files\dotnet\;C:\ProgramData\chocolatey\bin;C:\Program Files\Git\cmd;C:\Users\anbu2\AppData\Roaming\npm;C:\Program Files\nodejs\;C:\Users\anbu2\AppData\Local\Android\Sdk\platform-tools;C:\Users\anbu2\AppData\Local\Android\Sdk\platforms;C:\Program Files\Microsoft SQL Server\150\Tools\Binn\;C:\Program Files\Microsoft SQL Server\Client SDK\ODBC\170\Tools\Binn\;C:\Users\anbu2\AppData\Local\Android\Sdk\platform-tools;C:\Users\anbu2\AppData\Local\Android\Sdk\tools;C:\Program Files\MongoDB\Server\7.0\bin;C:\Users\anbu2\AppData\Roaming\npm\node_modules\eas-cli\bin;C:\Users\anbu2\AppData\Local\Microsoft\WindowsApps;C:\Users\anbu2\AppData\Local\Programs\Microsoft VS Code\bin;C:\Users\anbu2\AppData\Roaming\npm;C:\Users\anbu2\.dotnet\tools
USERNAME=anbu2
LANG=en_US.UTF-8
OS=Windows_NT
PROCESSOR_IDENTIFIER=Intel64 Family 6 Model 140 Stepping 1, GenuineIntel
TMP=C:\Users\anbu2\AppData\Local\Temp
TEMP=C:\Users\anbu2\AppData\Local\Temp



Periodic native trim disabled


---------------  S Y S T E M  ---------------

OS:
 Windows 11 , 64 bit Build 26100 (10.0.26100.3912)
OS uptime: 0 days 4:59 hours
Hyper-V role detected

CPU: total 8 (initial active 8) (4 cores per cpu, 2 threads per core) family 6 model 140 stepping 1 microcode 0xb6, cx8, cmov, fxsr, ht, mmx, 3dnowpref, sse, sse2, sse3, ssse3, sse4.1, sse4.2, popcnt, lzcnt, tsc, tscinvbit, avx, avx2, aes, erms, clmul, bmi1, bmi2, adx, avx512f, avx512dq, avx512cd, avx512bw, avx512vl, sha, fma, vzeroupper, avx512_vpopcntdq, avx512_vpclmulqdq, avx512_vaes, avx512_vnni, clflush, clflushopt, clwb, avx512_vbmi2, avx512_vbmi, hv
Processor Information for the first 8 processors :
  Max Mhz: 2419, Current Mhz: 2419, Mhz Limit: 2419

Memory: 4k page, system-wide physical 16167M (1555M free)
TotalPageFile size 16167M (AvailPageFile size 64M)
current process WorkingSet (physical memory assigned to process): 12M, peak: 12M
current process commit charge ("private bytes"): 60M, peak: 314M

vm_info: OpenJDK 64-Bit Server VM (17.0.13+11-LTS) for windows-amd64 JRE (17.0.13+11-LTS), built on Oct 11 2024 23:25:05 by "MicrosoftCorporation" with unknown MS VC++:1939

END.
